<?xml version="1.0" encoding="UTF-8"?>
<!-- Generated by org.testng.reporters.JUnitReportReporter -->
<testsuite skipped="0" hostname="DESKTOP-N86U6N8" name="com.salesforce.qa.testcases.LoginPageTest" tests="1" failures="0" timestamp="21 Mar 2019 19:06:49 GMT" time="16.951" errors="0">
  <testcase name="loginTest" time="16.951" classname="com.salesforce.qa.testcases.LoginPageTest"/>
</testsuite> <!-- com.salesforce.qa.testcases.LoginPageTest -->
