<?xml version="1.0" encoding="UTF-8"?>
<!-- Generated by org.testng.reporters.JUnitReportReporter -->
<testsuite skipped="0" hostname="DESKTOP-N86U6N8" name="com.salesforce.qa.testcases.NewUsersTest" tests="3" failures="0" timestamp="21 Mar 2019 18:53:34 GMT" time="154.400" errors="0">
  <testcase name="validateCreateNewUser" time="37.156" classname="com.salesforce.qa.testcases.NewUsersTest"/>
  <testcase name="validateCreateNewUser" time="34.153" classname="com.salesforce.qa.testcases.NewUsersTest"/>
  <testcase name="validateCreateNewUser" time="83.091" classname="com.salesforce.qa.testcases.NewUsersTest"/>
</testsuite> <!-- com.salesforce.qa.testcases.NewUsersTest -->
