<?xml version="1.0" encoding="UTF-8"?>
<!-- Generated by org.testng.reporters.JUnitReportReporter -->
<testsuite skipped="0" hostname="DESKTOP-N86U6N8" name="com.salesforce.qa.testcases.LoginErrorMessage" tests="1" failures="0" timestamp="15 Mar 2019 14:39:18 GMT" time="24.036" errors="0">
  <testcase name="loginError" time="24.036" classname="com.salesforce.qa.testcases.LoginErrorMessage"/>
</testsuite> <!-- com.salesforce.qa.testcases.LoginErrorMessage -->
