<?xml version="1.0" encoding="UTF-8"?>
<!-- Generated by org.testng.reporters.JUnitReportReporter -->
<testsuite skipped="0" hostname="DESKTOP-N86U6N8" name="com.salesforce.qa.testcases.ManagePageTest" tests="1" failures="0" timestamp="29 Mar 2019 03:55:58 GMT" time="38.279" errors="0">
  <testcase name="checkColumnSize" time="38.279" classname="com.salesforce.qa.testcases.ManagePageTest"/>
</testsuite> <!-- com.salesforce.qa.testcases.ManagePageTest -->
