<?xml version="1.0" encoding="UTF-8"?>
<!-- Generated by org.testng.reporters.JUnitReportReporter -->
<testsuite skipped="0" hostname="DESKTOP-N86U6N8" name="com.salesforce.qa.testcases.HomePageTest" tests="1" failures="0" timestamp="18 Mar 2019 19:11:39 GMT" time="48.284" errors="0">
  <testcase name="varifyNewUserLink" time="48.284" classname="com.salesforce.qa.testcases.HomePageTest"/>
</testsuite> <!-- com.salesforce.qa.testcases.HomePageTest -->
